{"level":"info","message":"API is running at http://localhost:3000","timestamp":"2025-02-28T22:52:53.568Z"}
{"level":"info","message":"swagger is running at http://localhost:3000/docs","timestamp":"2025-02-28T22:52:53.569Z"}
{"level":"info","message":"Mongo Connection Established","timestamp":"2025-02-28T22:52:53.611Z"}
{"level":"info","message":"API is running at http://localhost:3000","timestamp":"2025-02-28T23:03:51.354Z"}
{"level":"info","message":"swagger is running at http://localhost:3000/docs","timestamp":"2025-02-28T23:03:51.355Z"}
{"level":"info","message":"Mongo Connection Established","timestamp":"2025-02-28T23:03:51.367Z"}
{"level":"info","message":"API is running at http://localhost:3000","timestamp":"2025-03-01T02:16:58.747Z"}
{"level":"info","message":"swagger is running at http://localhost:3000/docs","timestamp":"2025-03-01T02:16:58.749Z"}
{"level":"info","message":"Mongo Connection Established","timestamp":"2025-03-01T02:16:58.779Z"}
{"level":"info","message":"API is running at http://localhost:3000","timestamp":"2025-03-01T02:21:56.816Z"}
{"level":"info","message":"swagger is running at http://localhost:3000/docs","timestamp":"2025-03-01T02:21:56.817Z"}
{"level":"info","message":"Mongo Connection Established","timestamp":"2025-03-01T02:21:56.838Z"}
{"level":"info","message":"API is running at http://localhost:3000","timestamp":"2025-03-01T03:09:15.405Z"}
{"level":"info","message":"swagger is running at http://localhost:3000/docs","timestamp":"2025-03-01T03:09:15.406Z"}
{"level":"info","message":"Mongo Connection Established","timestamp":"2025-03-01T03:09:15.425Z"}
{"level":"error","message":"500 - BSON field 'skip' value must be >= 0, actual value '-1' - /api/v1/sessions/?pageSize=1&search=&page=0 - GET - ::1","timestamp":"2025-03-01T04:19:25.184Z"}
{"code":2,"codeName":"BadValue","errorResponse":{"code":2,"codeName":"BadValue","errmsg":"BSON field 'skip' value must be >= 0, actual value '-1'","ok":0},"level":"error","ok":0,"timestamp":"2025-03-01T04:19:25.188Z"}
{"level":"error","message":"500 - BSON field 'skip' value must be >= 0, actual value '-1' - /api/v1/sessions/?pageSize=1&search=&page=0 - GET - ::1","timestamp":"2025-03-01T04:19:26.709Z"}
{"code":2,"codeName":"BadValue","errorResponse":{"code":2,"codeName":"BadValue","errmsg":"BSON field 'skip' value must be >= 0, actual value '-1'","ok":0},"level":"error","ok":0,"timestamp":"2025-03-01T04:19:26.710Z"}
{"level":"error","message":"500 - BSON field 'skip' value must be >= 0, actual value '-1' - /api/v1/sessions/?pageSize=1&search=&page=0 - GET - ::1","timestamp":"2025-03-01T04:19:29.286Z"}
{"code":2,"codeName":"BadValue","errorResponse":{"code":2,"codeName":"BadValue","errmsg":"BSON field 'skip' value must be >= 0, actual value '-1'","ok":0},"level":"error","ok":0,"timestamp":"2025-03-01T04:19:29.287Z"}
{"level":"error","message":"500 - BSON field 'skip' value must be >= 0, actual value '-1' - /api/v1/sessions/?pageSize=1&search=&page=0 - GET - ::1","timestamp":"2025-03-01T04:19:33.862Z"}
{"code":2,"codeName":"BadValue","errorResponse":{"code":2,"codeName":"BadValue","errmsg":"BSON field 'skip' value must be >= 0, actual value '-1'","ok":0},"level":"error","ok":0,"timestamp":"2025-03-01T04:19:33.862Z"}
{"level":"error","message":"500 - BSON field 'skip' value must be >= 0, actual value '-1' - /api/v1/sessions/?pageSize=1&search=&page=0 - GET - ::1","timestamp":"2025-03-01T04:20:31.128Z"}
{"code":2,"codeName":"BadValue","errorResponse":{"code":2,"codeName":"BadValue","errmsg":"BSON field 'skip' value must be >= 0, actual value '-1'","ok":0},"level":"error","ok":0,"timestamp":"2025-03-01T04:20:31.132Z"}
{"level":"error","message":"500 - BSON field 'skip' value must be >= 0, actual value '-1' - /api/v1/sessions/?pageSize=1&search=&page=0 - GET - ::1","timestamp":"2025-03-01T04:20:32.680Z"}
{"code":2,"codeName":"BadValue","errorResponse":{"code":2,"codeName":"BadValue","errmsg":"BSON field 'skip' value must be >= 0, actual value '-1'","ok":0},"level":"error","ok":0,"timestamp":"2025-03-01T04:20:32.680Z"}
{"level":"error","message":"500 - BSON field 'skip' value must be >= 0, actual value '-1' - /api/v1/sessions/?pageSize=1&search=&page=0 - GET - ::1","timestamp":"2025-03-01T04:20:35.255Z"}
{"code":2,"codeName":"BadValue","errorResponse":{"code":2,"codeName":"BadValue","errmsg":"BSON field 'skip' value must be >= 0, actual value '-1'","ok":0},"level":"error","ok":0,"timestamp":"2025-03-01T04:20:35.256Z"}
{"level":"info","message":"API is running at http://localhost:3000","timestamp":"2025-03-01T10:58:06.126Z"}
{"level":"info","message":"swagger is running at http://localhost:3000/docs","timestamp":"2025-03-01T10:58:06.127Z"}
{"level":"info","message":"Mongo Connection Established","timestamp":"2025-03-01T10:58:06.147Z"}
{"level":"info","message":"API is running at http://localhost:3000","timestamp":"2025-03-01T13:12:51.827Z"}
{"level":"info","message":"swagger is running at http://localhost:3000/docs","timestamp":"2025-03-01T13:12:51.828Z"}
{"level":"info","message":"Mongo Connection Established","timestamp":"2025-03-01T13:12:51.840Z"}
{"level":"info","message":"Mongo Connection Disconnected","timestamp":"2025-03-01T13:28:17.746Z"}
{"level":"info","message":"Trying to reconnect to Mongo ...","timestamp":"2025-03-01T13:28:17.747Z"}
{"level":"info","message":"API is running at http://localhost:3000","timestamp":"2025-03-01T13:43:43.698Z"}
{"level":"info","message":"swagger is running at http://localhost:3000/docs","timestamp":"2025-03-01T13:43:43.699Z"}
{"level":"info","message":"Mongo Connection Established","timestamp":"2025-03-01T13:43:43.724Z"}
{"level":"error","message":"500 - BSON field 'skip' value must be >= 0, actual value '-15' - /api/v1/desserts/?pageSize=15&search=&page=0 - GET - ::1","timestamp":"2025-03-01T15:32:45.928Z"}
{"code":2,"codeName":"BadValue","errorResponse":{"code":2,"codeName":"BadValue","errmsg":"BSON field 'skip' value must be >= 0, actual value '-15'","ok":0},"level":"error","ok":0,"timestamp":"2025-03-01T15:32:45.930Z"}
{"level":"error","message":"500 - BSON field 'skip' value must be >= 0, actual value '-15' - /api/v1/desserts/?pageSize=15&search=&page=0 - GET - ::1","timestamp":"2025-03-01T15:32:46.948Z"}
{"code":2,"codeName":"BadValue","errorResponse":{"code":2,"codeName":"BadValue","errmsg":"BSON field 'skip' value must be >= 0, actual value '-15'","ok":0},"level":"error","ok":0,"timestamp":"2025-03-01T15:32:46.948Z"}
{"level":"error","message":"500 - BSON field 'skip' value must be >= 0, actual value '-15' - /api/v1/desserts/?pageSize=15&search=&page=0 - GET - ::1","timestamp":"2025-03-01T15:32:48.968Z"}
{"code":2,"codeName":"BadValue","errorResponse":{"code":2,"codeName":"BadValue","errmsg":"BSON field 'skip' value must be >= 0, actual value '-15'","ok":0},"level":"error","ok":0,"timestamp":"2025-03-01T15:32:48.969Z"}
{"level":"error","message":"500 - BSON field 'skip' value must be >= 0, actual value '-15' - /api/v1/desserts/?pageSize=15&search=&page=0 - GET - ::1","timestamp":"2025-03-01T15:32:52.992Z"}
{"code":2,"codeName":"BadValue","errorResponse":{"code":2,"codeName":"BadValue","errmsg":"BSON field 'skip' value must be >= 0, actual value '-15'","ok":0},"level":"error","ok":0,"timestamp":"2025-03-01T15:32:52.992Z"}
{"level":"error","message":"500 - BSON field 'skip' value must be >= 0, actual value '-15' - /api/v1/desserts/?pageSize=15&search=&page=0 - GET - ::1","timestamp":"2025-03-01T15:32:54.096Z"}
{"code":2,"codeName":"BadValue","errorResponse":{"code":2,"codeName":"BadValue","errmsg":"BSON field 'skip' value must be >= 0, actual value '-15'","ok":0},"level":"error","ok":0,"timestamp":"2025-03-01T15:32:54.097Z"}
{"level":"error","message":"500 - BSON field 'skip' value must be >= 0, actual value '-15' - /api/v1/desserts/?pageSize=15&search=&page=0 - GET - ::1","timestamp":"2025-03-01T15:32:55.140Z"}
{"code":2,"codeName":"BadValue","errorResponse":{"code":2,"codeName":"BadValue","errmsg":"BSON field 'skip' value must be >= 0, actual value '-15'","ok":0},"level":"error","ok":0,"timestamp":"2025-03-01T15:32:55.140Z"}
{"level":"error","message":"500 - BSON field 'skip' value must be >= 0, actual value '-15' - /api/v1/desserts/?pageSize=15&search=&page=0 - GET - ::1","timestamp":"2025-03-01T15:32:57.158Z"}
{"code":2,"codeName":"BadValue","errorResponse":{"code":2,"codeName":"BadValue","errmsg":"BSON field 'skip' value must be >= 0, actual value '-15'","ok":0},"level":"error","ok":0,"timestamp":"2025-03-01T15:32:57.158Z"}
{"level":"info","message":"API is running at http://localhost:3000","timestamp":"2025-03-01T15:33:03.126Z"}
{"level":"info","message":"swagger is running at http://localhost:3000/docs","timestamp":"2025-03-01T15:33:03.127Z"}
{"level":"info","message":"Mongo Connection Established","timestamp":"2025-03-01T15:33:03.141Z"}
{"level":"info","message":"API is running at http://localhost:3000","timestamp":"2025-03-01T15:57:46.691Z"}
{"level":"info","message":"swagger is running at http://localhost:3000/docs","timestamp":"2025-03-01T15:57:46.694Z"}
{"level":"info","message":"Mongo Connection Established","timestamp":"2025-03-01T15:57:46.719Z"}
{"level":"error","message":"500 - BSON field 'skip' value must be >= 0, actual value '-15' - /api/v1/desserts/?pageSize=15&search=&page=0 - GET - ::1","timestamp":"2025-03-01T16:10:04.880Z"}
{"code":2,"codeName":"BadValue","errorResponse":{"code":2,"codeName":"BadValue","errmsg":"BSON field 'skip' value must be >= 0, actual value '-15'","ok":0},"level":"error","ok":0,"timestamp":"2025-03-01T16:10:04.881Z"}
{"level":"error","message":"500 - BSON field 'skip' value must be >= 0, actual value '-15' - /api/v1/desserts/?pageSize=15&search=&page=0 - GET - ::1","timestamp":"2025-03-01T16:10:05.903Z"}
{"code":2,"codeName":"BadValue","errorResponse":{"code":2,"codeName":"BadValue","errmsg":"BSON field 'skip' value must be >= 0, actual value '-15'","ok":0},"level":"error","ok":0,"timestamp":"2025-03-01T16:10:05.903Z"}
{"level":"error","message":"500 - BSON field 'skip' value must be >= 0, actual value '-15' - /api/v1/desserts/?pageSize=15&search=&page=0 - GET - ::1","timestamp":"2025-03-01T16:10:07.922Z"}
{"code":2,"codeName":"BadValue","errorResponse":{"code":2,"codeName":"BadValue","errmsg":"BSON field 'skip' value must be >= 0, actual value '-15'","ok":0},"level":"error","ok":0,"timestamp":"2025-03-01T16:10:07.922Z"}
{"level":"error","message":"500 - BSON field 'skip' value must be >= 0, actual value '-15' - /api/v1/desserts/?pageSize=15&search=&page=0 - GET - ::1","timestamp":"2025-03-01T16:10:11.944Z"}
{"code":2,"codeName":"BadValue","errorResponse":{"code":2,"codeName":"BadValue","errmsg":"BSON field 'skip' value must be >= 0, actual value '-15'","ok":0},"level":"error","ok":0,"timestamp":"2025-03-01T16:10:11.944Z"}
{"level":"info","message":"API is running at http://localhost:3000","timestamp":"2025-03-01T17:09:22.855Z"}
{"level":"info","message":"swagger is running at http://localhost:3000/docs","timestamp":"2025-03-01T17:09:22.856Z"}
{"level":"info","message":"Mongo Connection Established","timestamp":"2025-03-01T17:09:22.871Z"}
{"level":"info","message":"Mongo Connection Disconnected","timestamp":"2025-03-01T17:09:23.552Z"}
{"level":"info","message":"Trying to reconnect to Mongo ...","timestamp":"2025-03-01T17:09:23.553Z"}
{"date":"Sat Mar 01 2025 20:09:23 GMT+0300 (GMT+03:00)","error":{"code":"EPIPE","errno":-32,"syscall":"write"},"exception":true,"level":"error","message":"uncaughtException: write EPIPE\nError: write EPIPE\n    at afterWriteDispatched (node:internal/stream_base_commons:161:15)\n    at writeGeneric (node:internal/stream_base_commons:152:3)\n    at Socket._writeGeneric (node:net:954:11)\n    at Socket._write (node:net:966:8)\n    at writeOrBuffer (node:internal/streams/writable:570:12)\n    at _write (node:internal/streams/writable:499:10)\n    at Writable.write (node:internal/streams/writable:508:10)\n    at Console.log (/home/debian/repos/personal/study-cafe/api/node_modules/winston/lib/winston/transports/console.js:87:23)\n    at Console._write (/home/debian/repos/personal/study-cafe/api/node_modules/winston-transport/modern.js:103:17)\n    at doWrite (/home/debian/repos/personal/study-cafe/api/node_modules/readable-stream/lib/_stream_writable.js:390:139)","os":{"loadavg":[0.57,1.04,0.94],"uptime":4373.27},"process":{"argv":["/usr/local/bin/node","/home/debian/repos/personal/study-cafe/api/dist/server.js"],"cwd":"/home/debian/repos/personal/study-cafe/api","execPath":"/usr/local/bin/node","gid":1000,"memoryUsage":{"arrayBuffers":18312995,"external":20607983,"heapTotal":73760768,"heapUsed":35426264,"rss":133173248},"pid":21719,"uid":1000,"version":"v20.17.0"},"stack":"Error: write EPIPE\n    at afterWriteDispatched (node:internal/stream_base_commons:161:15)\n    at writeGeneric (node:internal/stream_base_commons:152:3)\n    at Socket._writeGeneric (node:net:954:11)\n    at Socket._write (node:net:966:8)\n    at writeOrBuffer (node:internal/streams/writable:570:12)\n    at _write (node:internal/streams/writable:499:10)\n    at Writable.write (node:internal/streams/writable:508:10)\n    at Console.log (/home/debian/repos/personal/study-cafe/api/node_modules/winston/lib/winston/transports/console.js:87:23)\n    at Console._write (/home/debian/repos/personal/study-cafe/api/node_modules/winston-transport/modern.js:103:17)\n    at doWrite (/home/debian/repos/personal/study-cafe/api/node_modules/readable-stream/lib/_stream_writable.js:390:139)","timestamp":"2025-03-01T17:09:23.560Z","trace":[{"column":15,"file":"node:internal/stream_base_commons","function":"afterWriteDispatched","line":161,"method":null,"native":false},{"column":3,"file":"node:internal/stream_base_commons","function":"writeGeneric","line":152,"method":null,"native":false},{"column":11,"file":"node:net","function":"Socket._writeGeneric","line":954,"method":"_writeGeneric","native":false},{"column":8,"file":"node:net","function":"Socket._write","line":966,"method":"_write","native":false},{"column":12,"file":"node:internal/streams/writable","function":"writeOrBuffer","line":570,"method":null,"native":false},{"column":10,"file":"node:internal/streams/writable","function":"_write","line":499,"method":null,"native":false},{"column":10,"file":"node:internal/streams/writable","function":"Writable.write","line":508,"method":"write","native":false},{"column":23,"file":"/home/debian/repos/personal/study-cafe/api/node_modules/winston/lib/winston/transports/console.js","function":"Console.log","line":87,"method":"log","native":false},{"column":17,"file":"/home/debian/repos/personal/study-cafe/api/node_modules/winston-transport/modern.js","function":"Console._write","line":103,"method":"_write","native":false},{"column":139,"file":"/home/debian/repos/personal/study-cafe/api/node_modules/readable-stream/lib/_stream_writable.js","function":"doWrite","line":390,"method":null,"native":false}]}
{"date":"Sat Mar 01 2025 20:09:23 GMT+0300 (GMT+03:00)","error":{"code":"EPIPE","errno":-32,"syscall":"write"},"exception":true,"level":"error","message":"uncaughtException: write EPIPE\nError: write EPIPE\n    at afterWriteDispatched (node:internal/stream_base_commons:161:15)\n    at writeGeneric (node:internal/stream_base_commons:152:3)\n    at Socket._writeGeneric (node:net:954:11)\n    at Socket._write (node:net:966:8)\n    at writeOrBuffer (node:internal/streams/writable:570:12)\n    at _write (node:internal/streams/writable:499:10)\n    at Writable.write (node:internal/streams/writable:508:10)\n    at Console.log (/home/debian/repos/personal/study-cafe/api/node_modules/winston/lib/winston/transports/console.js:87:23)\n    at Console._write (/home/debian/repos/personal/study-cafe/api/node_modules/winston-transport/modern.js:103:17)\n    at doWrite (/home/debian/repos/personal/study-cafe/api/node_modules/readable-stream/lib/_stream_writable.js:390:139)","os":{"loadavg":[0.57,1.04,0.94],"uptime":4373.27},"process":{"argv":["/usr/local/bin/node","/home/debian/repos/personal/study-cafe/api/dist/server.js"],"cwd":"/home/debian/repos/personal/study-cafe/api","execPath":"/usr/local/bin/node","gid":1000,"memoryUsage":{"arrayBuffers":18312995,"external":20607983,"heapTotal":73760768,"heapUsed":35426264,"rss":133173248},"pid":21719,"uid":1000,"version":"v20.17.0"},"stack":"Error: write EPIPE\n    at afterWriteDispatched (node:internal/stream_base_commons:161:15)\n    at writeGeneric (node:internal/stream_base_commons:152:3)\n    at Socket._writeGeneric (node:net:954:11)\n    at Socket._write (node:net:966:8)\n    at writeOrBuffer (node:internal/streams/writable:570:12)\n    at _write (node:internal/streams/writable:499:10)\n    at Writable.write (node:internal/streams/writable:508:10)\n    at Console.log (/home/debian/repos/personal/study-cafe/api/node_modules/winston/lib/winston/transports/console.js:87:23)\n    at Console._write (/home/debian/repos/personal/study-cafe/api/node_modules/winston-transport/modern.js:103:17)\n    at doWrite (/home/debian/repos/personal/study-cafe/api/node_modules/readable-stream/lib/_stream_writable.js:390:139)","trace":[{"column":15,"file":"node:internal/stream_base_commons","function":"afterWriteDispatched","line":161,"method":null,"native":false},{"column":3,"file":"node:internal/stream_base_commons","function":"writeGeneric","line":152,"method":null,"native":false},{"column":11,"file":"node:net","function":"Socket._writeGeneric","line":954,"method":"_writeGeneric","native":false},{"column":8,"file":"node:net","function":"Socket._write","line":966,"method":"_write","native":false},{"column":12,"file":"node:internal/streams/writable","function":"writeOrBuffer","line":570,"method":null,"native":false},{"column":10,"file":"node:internal/streams/writable","function":"_write","line":499,"method":null,"native":false},{"column":10,"file":"node:internal/streams/writable","function":"Writable.write","line":508,"method":"write","native":false},{"column":23,"file":"/home/debian/repos/personal/study-cafe/api/node_modules/winston/lib/winston/transports/console.js","function":"Console.log","line":87,"method":"log","native":false},{"column":17,"file":"/home/debian/repos/personal/study-cafe/api/node_modules/winston-transport/modern.js","function":"Console._write","line":103,"method":"_write","native":false},{"column":139,"file":"/home/debian/repos/personal/study-cafe/api/node_modules/readable-stream/lib/_stream_writable.js","function":"doWrite","line":390,"method":null,"native":false}]}
{"level":"info","message":"API is running at http://localhost:3000","timestamp":"2025-03-01T19:52:27.113Z"}
{"level":"info","message":"swagger is running at http://localhost:3000/docs","timestamp":"2025-03-01T19:52:27.114Z"}
{"level":"info","message":"Mongo Connection Established","timestamp":"2025-03-01T19:52:27.133Z"}
{"level":"info","message":"API is running at http://localhost:3000","timestamp":"2025-03-01T20:02:25.301Z"}
{"level":"info","message":"swagger is running at http://localhost:3000/docs","timestamp":"2025-03-01T20:02:25.303Z"}
{"level":"info","message":"Mongo Connection Established","timestamp":"2025-03-01T20:02:25.314Z"}
{"level":"info","message":"API is running at http://localhost:3000","timestamp":"2025-03-01T20:37:50.497Z"}
{"level":"info","message":"swagger is running at http://localhost:3000/docs","timestamp":"2025-03-01T20:37:50.498Z"}
{"level":"info","message":"Mongo Connection Established","timestamp":"2025-03-01T20:37:50.512Z"}
{"level":"info","message":"API is running at http://localhost:3000","timestamp":"2025-03-01T20:38:31.488Z"}
{"level":"info","message":"swagger is running at http://localhost:3000/docs","timestamp":"2025-03-01T20:38:31.489Z"}
{"level":"info","message":"Mongo Connection Established","timestamp":"2025-03-01T20:38:31.504Z"}
{"level":"info","message":"API is running at http://localhost:3000","timestamp":"2025-03-01T20:38:35.800Z"}
{"level":"info","message":"swagger is running at http://localhost:3000/docs","timestamp":"2025-03-01T20:38:35.802Z"}
{"level":"info","message":"Mongo Connection Established","timestamp":"2025-03-01T20:38:35.816Z"}
