{"level":"info","message":"API is running at http://localhost:3000","timestamp":"2025-03-03T22:43:30.120Z"}
{"level":"info","message":"swagger is running at http://localhost:3000/docs","timestamp":"2025-03-03T22:43:30.121Z"}
{"level":"info","message":"Mongo Connection Established","timestamp":"2025-03-03T22:43:30.134Z"}
{"level":"info","message":"API is running at http://localhost:3000","timestamp":"2025-03-03T23:10:43.353Z"}
{"level":"info","message":"swagger is running at http://localhost:3000/docs","timestamp":"2025-03-03T23:10:43.354Z"}
{"level":"info","message":"Mongo Connection Established","timestamp":"2025-03-03T23:10:43.367Z"}
{"level":"info","message":"API is running at http://localhost:3000","timestamp":"2025-03-03T23:16:47.595Z"}
{"level":"info","message":"swagger is running at http://localhost:3000/docs","timestamp":"2025-03-03T23:16:47.596Z"}
{"level":"info","message":"Mongo Connection Established","timestamp":"2025-03-03T23:16:47.607Z"}
{"level":"info","message":"API is running at http://localhost:3000","timestamp":"2025-03-03T23:17:54.827Z"}
{"level":"info","message":"swagger is running at http://localhost:3000/docs","timestamp":"2025-03-03T23:17:54.828Z"}
{"level":"info","message":"Mongo Connection Established","timestamp":"2025-03-03T23:17:54.838Z"}
{"level":"info","message":"API is running at http://localhost:3000","timestamp":"2025-03-03T23:19:11.053Z"}
{"level":"info","message":"swagger is running at http://localhost:3000/docs","timestamp":"2025-03-03T23:19:11.054Z"}
{"level":"info","message":"Mongo Connection Established","timestamp":"2025-03-03T23:19:11.072Z"}
{"level":"info","message":"API is running at http://localhost:3000","timestamp":"2025-03-03T23:19:58.151Z"}
{"level":"info","message":"swagger is running at http://localhost:3000/docs","timestamp":"2025-03-03T23:19:58.152Z"}
{"level":"info","message":"Mongo Connection Established","timestamp":"2025-03-03T23:19:58.164Z"}
{"level":"info","message":"API is running at http://localhost:3000","timestamp":"2025-03-03T23:20:03.091Z"}
{"level":"info","message":"swagger is running at http://localhost:3000/docs","timestamp":"2025-03-03T23:20:03.093Z"}
{"level":"info","message":"Mongo Connection Established","timestamp":"2025-03-03T23:20:03.111Z"}
{"level":"info","message":"API is running at http://localhost:3000","timestamp":"2025-03-03T23:20:05.704Z"}
{"level":"info","message":"swagger is running at http://localhost:3000/docs","timestamp":"2025-03-03T23:20:05.705Z"}
{"level":"info","message":"Mongo Connection Established","timestamp":"2025-03-03T23:20:05.721Z"}
{"level":"info","message":"API is running at http://localhost:3000","timestamp":"2025-03-03T23:20:16.643Z"}
{"level":"info","message":"swagger is running at http://localhost:3000/docs","timestamp":"2025-03-03T23:20:16.644Z"}
{"level":"info","message":"Mongo Connection Established","timestamp":"2025-03-03T23:20:16.653Z"}
{"level":"info","message":"API is running at http://localhost:3000","timestamp":"2025-03-03T23:22:16.864Z"}
{"level":"info","message":"swagger is running at http://localhost:3000/docs","timestamp":"2025-03-03T23:22:16.865Z"}
{"level":"info","message":"Mongo Connection Established","timestamp":"2025-03-03T23:22:16.877Z"}
{"level":"info","message":"API is running at http://localhost:3000","timestamp":"2025-03-03T23:24:31.827Z"}
{"level":"info","message":"swagger is running at http://localhost:3000/docs","timestamp":"2025-03-03T23:24:31.828Z"}
{"level":"info","message":"Mongo Connection Established","timestamp":"2025-03-03T23:24:31.838Z"}
{"level":"info","message":"API is running at http://localhost:3000","timestamp":"2025-03-03T23:26:42.053Z"}
{"level":"info","message":"swagger is running at http://localhost:3000/docs","timestamp":"2025-03-03T23:26:42.054Z"}
{"level":"info","message":"Mongo Connection Established","timestamp":"2025-03-03T23:26:42.064Z"}
{"date":"Tue Mar 04 2025 02:29:20 GMT+0300 (GMT+03:00)","error":{},"exception":true,"level":"error","message":"uncaughtException: Cannot read properties of undefined (reading 'cstNode')\nTypeError: Cannot read properties of undefined (reading 'cstNode')\n    at /home/debian/repos/personal/study-cafe/api/node_modules/swagger-jsdoc/src/specification.js:263:39\n    at Array.forEach (<anonymous>)\n    at build (/home/debian/repos/personal/study-cafe/api/node_modules/swagger-jsdoc/src/specification.js:253:25)\n    at module.exports (/home/debian/repos/personal/study-cafe/api/node_modules/swagger-jsdoc/src/lib.js:32:10)\n    at Object.<anonymous> (/home/debian/repos/personal/study-cafe/api/dist/swagger/swagger.js:102:21)\n    at Module._compile (node:internal/modules/cjs/loader:1469:14)\n    at Module._extensions..js (node:internal/modules/cjs/loader:1548:10)\n    at Module.load (node:internal/modules/cjs/loader:1288:32)\n    at Module._load (node:internal/modules/cjs/loader:1104:12)\n    at Module.require (node:internal/modules/cjs/loader:1311:19)","os":{"loadavg":[0.54,0.48,0.51],"uptime":3102.03},"process":{"argv":["/usr/local/bin/node","/home/debian/repos/personal/study-cafe/api/dist/server.js"],"cwd":"/home/debian/repos/personal/study-cafe/api","execPath":"/usr/local/bin/node","gid":1000,"memoryUsage":{"arrayBuffers":36118751,"external":38350175,"heapTotal":68939776,"heapUsed":40716160,"rss":124624896},"pid":24486,"uid":1000,"version":"v20.17.0"},"stack":"TypeError: Cannot read properties of undefined (reading 'cstNode')\n    at /home/debian/repos/personal/study-cafe/api/node_modules/swagger-jsdoc/src/specification.js:263:39\n    at Array.forEach (<anonymous>)\n    at build (/home/debian/repos/personal/study-cafe/api/node_modules/swagger-jsdoc/src/specification.js:253:25)\n    at module.exports (/home/debian/repos/personal/study-cafe/api/node_modules/swagger-jsdoc/src/lib.js:32:10)\n    at Object.<anonymous> (/home/debian/repos/personal/study-cafe/api/dist/swagger/swagger.js:102:21)\n    at Module._compile (node:internal/modules/cjs/loader:1469:14)\n    at Module._extensions..js (node:internal/modules/cjs/loader:1548:10)\n    at Module.load (node:internal/modules/cjs/loader:1288:32)\n    at Module._load (node:internal/modules/cjs/loader:1104:12)\n    at Module.require (node:internal/modules/cjs/loader:1311:19)","timestamp":"2025-03-03T23:29:20.315Z","trace":[{"column":39,"file":"/home/debian/repos/personal/study-cafe/api/node_modules/swagger-jsdoc/src/specification.js","function":null,"line":263,"method":null,"native":false},{"column":null,"file":null,"function":"Array.forEach","line":null,"method":"forEach","native":false},{"column":25,"file":"/home/debian/repos/personal/study-cafe/api/node_modules/swagger-jsdoc/src/specification.js","function":"build","line":253,"method":null,"native":false},{"column":10,"file":"/home/debian/repos/personal/study-cafe/api/node_modules/swagger-jsdoc/src/lib.js","function":"module.exports","line":32,"method":"exports","native":false},{"column":21,"file":"/home/debian/repos/personal/study-cafe/api/dist/swagger/swagger.js","function":null,"line":102,"method":null,"native":false},{"column":14,"file":"node:internal/modules/cjs/loader","function":"Module._compile","line":1469,"method":"_compile","native":false},{"column":10,"file":"node:internal/modules/cjs/loader","function":"Module._extensions..js","line":1548,"method":".js","native":false},{"column":32,"file":"node:internal/modules/cjs/loader","function":"Module.load","line":1288,"method":"load","native":false},{"column":12,"file":"node:internal/modules/cjs/loader","function":"Module._load","line":1104,"method":"_load","native":false},{"column":19,"file":"node:internal/modules/cjs/loader","function":"Module.require","line":1311,"method":"require","native":false}]}
{"date":"Tue Mar 04 2025 02:29:20 GMT+0300 (GMT+03:00)","error":{},"exception":true,"level":"error","message":"uncaughtException: Cannot read properties of undefined (reading 'cstNode')\nTypeError: Cannot read properties of undefined (reading 'cstNode')\n    at /home/debian/repos/personal/study-cafe/api/node_modules/swagger-jsdoc/src/specification.js:263:39\n    at Array.forEach (<anonymous>)\n    at build (/home/debian/repos/personal/study-cafe/api/node_modules/swagger-jsdoc/src/specification.js:253:25)\n    at module.exports (/home/debian/repos/personal/study-cafe/api/node_modules/swagger-jsdoc/src/lib.js:32:10)\n    at Object.<anonymous> (/home/debian/repos/personal/study-cafe/api/dist/swagger/swagger.js:102:21)\n    at Module._compile (node:internal/modules/cjs/loader:1469:14)\n    at Module._extensions..js (node:internal/modules/cjs/loader:1548:10)\n    at Module.load (node:internal/modules/cjs/loader:1288:32)\n    at Module._load (node:internal/modules/cjs/loader:1104:12)\n    at Module.require (node:internal/modules/cjs/loader:1311:19)","os":{"loadavg":[0.54,0.48,0.51],"uptime":3102.03},"process":{"argv":["/usr/local/bin/node","/home/debian/repos/personal/study-cafe/api/dist/server.js"],"cwd":"/home/debian/repos/personal/study-cafe/api","execPath":"/usr/local/bin/node","gid":1000,"memoryUsage":{"arrayBuffers":36118751,"external":38350175,"heapTotal":68939776,"heapUsed":40716160,"rss":124624896},"pid":24486,"uid":1000,"version":"v20.17.0"},"stack":"TypeError: Cannot read properties of undefined (reading 'cstNode')\n    at /home/debian/repos/personal/study-cafe/api/node_modules/swagger-jsdoc/src/specification.js:263:39\n    at Array.forEach (<anonymous>)\n    at build (/home/debian/repos/personal/study-cafe/api/node_modules/swagger-jsdoc/src/specification.js:253:25)\n    at module.exports (/home/debian/repos/personal/study-cafe/api/node_modules/swagger-jsdoc/src/lib.js:32:10)\n    at Object.<anonymous> (/home/debian/repos/personal/study-cafe/api/dist/swagger/swagger.js:102:21)\n    at Module._compile (node:internal/modules/cjs/loader:1469:14)\n    at Module._extensions..js (node:internal/modules/cjs/loader:1548:10)\n    at Module.load (node:internal/modules/cjs/loader:1288:32)\n    at Module._load (node:internal/modules/cjs/loader:1104:12)\n    at Module.require (node:internal/modules/cjs/loader:1311:19)","trace":[{"column":39,"file":"/home/debian/repos/personal/study-cafe/api/node_modules/swagger-jsdoc/src/specification.js","function":null,"line":263,"method":null,"native":false},{"column":null,"file":null,"function":"Array.forEach","line":null,"method":"forEach","native":false},{"column":25,"file":"/home/debian/repos/personal/study-cafe/api/node_modules/swagger-jsdoc/src/specification.js","function":"build","line":253,"method":null,"native":false},{"column":10,"file":"/home/debian/repos/personal/study-cafe/api/node_modules/swagger-jsdoc/src/lib.js","function":"module.exports","line":32,"method":"exports","native":false},{"column":21,"file":"/home/debian/repos/personal/study-cafe/api/dist/swagger/swagger.js","function":null,"line":102,"method":null,"native":false},{"column":14,"file":"node:internal/modules/cjs/loader","function":"Module._compile","line":1469,"method":"_compile","native":false},{"column":10,"file":"node:internal/modules/cjs/loader","function":"Module._extensions..js","line":1548,"method":".js","native":false},{"column":32,"file":"node:internal/modules/cjs/loader","function":"Module.load","line":1288,"method":"load","native":false},{"column":12,"file":"node:internal/modules/cjs/loader","function":"Module._load","line":1104,"method":"_load","native":false},{"column":19,"file":"node:internal/modules/cjs/loader","function":"Module.require","line":1311,"method":"require","native":false}]}
{"level":"info","message":"API is running at http://localhost:3000","timestamp":"2025-03-03T23:31:04.875Z"}
{"level":"info","message":"swagger is running at http://localhost:3000/docs","timestamp":"2025-03-03T23:31:04.876Z"}
{"level":"info","message":"Mongo Connection Established","timestamp":"2025-03-03T23:31:04.887Z"}
{"level":"info","message":"API is running at http://localhost:3000","timestamp":"2025-03-03T23:47:19.281Z"}
{"level":"info","message":"swagger is running at http://localhost:3000/docs","timestamp":"2025-03-03T23:47:19.282Z"}
{"level":"info","message":"Mongo Connection Established","timestamp":"2025-03-03T23:47:19.297Z"}
{"level":"info","message":"Mongo Connection Disconnected","timestamp":"2025-03-03T23:47:20.969Z"}
{"level":"info","message":"Trying to reconnect to Mongo ...","timestamp":"2025-03-03T23:47:20.979Z"}
{"date":"Tue Mar 04 2025 02:47:20 GMT+0300 (GMT+03:00)","error":{"code":"EPIPE","errno":-32,"syscall":"write"},"exception":true,"level":"error","message":"uncaughtException: write EPIPE\nError: write EPIPE\n    at afterWriteDispatched (node:internal/stream_base_commons:161:15)\n    at writeGeneric (node:internal/stream_base_commons:152:3)\n    at Socket._writeGeneric (node:net:954:11)\n    at Socket._write (node:net:966:8)\n    at writeOrBuffer (node:internal/streams/writable:570:12)\n    at _write (node:internal/streams/writable:499:10)\n    at Writable.write (node:internal/streams/writable:508:10)\n    at Console.log (/home/debian/repos/personal/study-cafe/api/node_modules/winston/lib/winston/transports/console.js:87:23)\n    at Console._write (/home/debian/repos/personal/study-cafe/api/node_modules/winston-transport/modern.js:103:17)\n    at doWrite (/home/debian/repos/personal/study-cafe/api/node_modules/readable-stream/lib/_stream_writable.js:390:139)","os":{"loadavg":[0.19,0.07,0.2],"uptime":4182.7},"process":{"argv":["/usr/local/bin/node","/home/debian/repos/personal/study-cafe/api/dist/server.js"],"cwd":"/home/debian/repos/personal/study-cafe/api","execPath":"/usr/local/bin/node","gid":1000,"memoryUsage":{"arrayBuffers":36138902,"external":38388785,"heapTotal":71585792,"heapUsed":47508456,"rss":129200128},"pid":26871,"uid":1000,"version":"v20.17.0"},"stack":"Error: write EPIPE\n    at afterWriteDispatched (node:internal/stream_base_commons:161:15)\n    at writeGeneric (node:internal/stream_base_commons:152:3)\n    at Socket._writeGeneric (node:net:954:11)\n    at Socket._write (node:net:966:8)\n    at writeOrBuffer (node:internal/streams/writable:570:12)\n    at _write (node:internal/streams/writable:499:10)\n    at Writable.write (node:internal/streams/writable:508:10)\n    at Console.log (/home/debian/repos/personal/study-cafe/api/node_modules/winston/lib/winston/transports/console.js:87:23)\n    at Console._write (/home/debian/repos/personal/study-cafe/api/node_modules/winston-transport/modern.js:103:17)\n    at doWrite (/home/debian/repos/personal/study-cafe/api/node_modules/readable-stream/lib/_stream_writable.js:390:139)","timestamp":"2025-03-03T23:47:20.988Z","trace":[{"column":15,"file":"node:internal/stream_base_commons","function":"afterWriteDispatched","line":161,"method":null,"native":false},{"column":3,"file":"node:internal/stream_base_commons","function":"writeGeneric","line":152,"method":null,"native":false},{"column":11,"file":"node:net","function":"Socket._writeGeneric","line":954,"method":"_writeGeneric","native":false},{"column":8,"file":"node:net","function":"Socket._write","line":966,"method":"_write","native":false},{"column":12,"file":"node:internal/streams/writable","function":"writeOrBuffer","line":570,"method":null,"native":false},{"column":10,"file":"node:internal/streams/writable","function":"_write","line":499,"method":null,"native":false},{"column":10,"file":"node:internal/streams/writable","function":"Writable.write","line":508,"method":"write","native":false},{"column":23,"file":"/home/debian/repos/personal/study-cafe/api/node_modules/winston/lib/winston/transports/console.js","function":"Console.log","line":87,"method":"log","native":false},{"column":17,"file":"/home/debian/repos/personal/study-cafe/api/node_modules/winston-transport/modern.js","function":"Console._write","line":103,"method":"_write","native":false},{"column":139,"file":"/home/debian/repos/personal/study-cafe/api/node_modules/readable-stream/lib/_stream_writable.js","function":"doWrite","line":390,"method":null,"native":false}]}
{"date":"Tue Mar 04 2025 02:47:20 GMT+0300 (GMT+03:00)","error":{"code":"EPIPE","errno":-32,"syscall":"write"},"exception":true,"level":"error","message":"uncaughtException: write EPIPE\nError: write EPIPE\n    at afterWriteDispatched (node:internal/stream_base_commons:161:15)\n    at writeGeneric (node:internal/stream_base_commons:152:3)\n    at Socket._writeGeneric (node:net:954:11)\n    at Socket._write (node:net:966:8)\n    at writeOrBuffer (node:internal/streams/writable:570:12)\n    at _write (node:internal/streams/writable:499:10)\n    at Writable.write (node:internal/streams/writable:508:10)\n    at Console.log (/home/debian/repos/personal/study-cafe/api/node_modules/winston/lib/winston/transports/console.js:87:23)\n    at Console._write (/home/debian/repos/personal/study-cafe/api/node_modules/winston-transport/modern.js:103:17)\n    at doWrite (/home/debian/repos/personal/study-cafe/api/node_modules/readable-stream/lib/_stream_writable.js:390:139)","os":{"loadavg":[0.19,0.07,0.2],"uptime":4182.7},"process":{"argv":["/usr/local/bin/node","/home/debian/repos/personal/study-cafe/api/dist/server.js"],"cwd":"/home/debian/repos/personal/study-cafe/api","execPath":"/usr/local/bin/node","gid":1000,"memoryUsage":{"arrayBuffers":36138902,"external":38388785,"heapTotal":71585792,"heapUsed":47508456,"rss":129200128},"pid":26871,"uid":1000,"version":"v20.17.0"},"stack":"Error: write EPIPE\n    at afterWriteDispatched (node:internal/stream_base_commons:161:15)\n    at writeGeneric (node:internal/stream_base_commons:152:3)\n    at Socket._writeGeneric (node:net:954:11)\n    at Socket._write (node:net:966:8)\n    at writeOrBuffer (node:internal/streams/writable:570:12)\n    at _write (node:internal/streams/writable:499:10)\n    at Writable.write (node:internal/streams/writable:508:10)\n    at Console.log (/home/debian/repos/personal/study-cafe/api/node_modules/winston/lib/winston/transports/console.js:87:23)\n    at Console._write (/home/debian/repos/personal/study-cafe/api/node_modules/winston-transport/modern.js:103:17)\n    at doWrite (/home/debian/repos/personal/study-cafe/api/node_modules/readable-stream/lib/_stream_writable.js:390:139)","trace":[{"column":15,"file":"node:internal/stream_base_commons","function":"afterWriteDispatched","line":161,"method":null,"native":false},{"column":3,"file":"node:internal/stream_base_commons","function":"writeGeneric","line":152,"method":null,"native":false},{"column":11,"file":"node:net","function":"Socket._writeGeneric","line":954,"method":"_writeGeneric","native":false},{"column":8,"file":"node:net","function":"Socket._write","line":966,"method":"_write","native":false},{"column":12,"file":"node:internal/streams/writable","function":"writeOrBuffer","line":570,"method":null,"native":false},{"column":10,"file":"node:internal/streams/writable","function":"_write","line":499,"method":null,"native":false},{"column":10,"file":"node:internal/streams/writable","function":"Writable.write","line":508,"method":"write","native":false},{"column":23,"file":"/home/debian/repos/personal/study-cafe/api/node_modules/winston/lib/winston/transports/console.js","function":"Console.log","line":87,"method":"log","native":false},{"column":17,"file":"/home/debian/repos/personal/study-cafe/api/node_modules/winston-transport/modern.js","function":"Console._write","line":103,"method":"_write","native":false},{"column":139,"file":"/home/debian/repos/personal/study-cafe/api/node_modules/readable-stream/lib/_stream_writable.js","function":"doWrite","line":390,"method":null,"native":false}]}
{"level":"info","message":"API is running at http://localhost:3000","timestamp":"2025-03-04T17:43:07.832Z"}
{"level":"info","message":"swagger is running at http://localhost:3000/docs","timestamp":"2025-03-04T17:43:07.832Z"}
{"level":"info","message":"Mongo Connection Established","timestamp":"2025-03-04T17:43:07.863Z"}
{"level":"info","message":"API is running at http://localhost:3000","timestamp":"2025-03-04T19:10:48.497Z"}
{"level":"info","message":"swagger is running at http://localhost:3000/docs","timestamp":"2025-03-04T19:10:48.498Z"}
{"level":"info","message":"Mongo Connection Established","timestamp":"2025-03-04T19:10:48.510Z"}
{"level":"info","message":"API is running at http://localhost:3000","timestamp":"2025-03-04T19:11:05.374Z"}
{"level":"info","message":"swagger is running at http://localhost:3000/docs","timestamp":"2025-03-04T19:11:05.375Z"}
{"level":"info","message":"Mongo Connection Established","timestamp":"2025-03-04T19:11:05.386Z"}
{"level":"info","message":"API is running at http://localhost:3000","timestamp":"2025-03-04T19:11:22.223Z"}
{"level":"info","message":"swagger is running at http://localhost:3000/docs","timestamp":"2025-03-04T19:11:22.224Z"}
{"level":"info","message":"Mongo Connection Established","timestamp":"2025-03-04T19:11:22.236Z"}
{"level":"info","message":"API is running at http://localhost:3000","timestamp":"2025-03-04T19:11:39.738Z"}
{"level":"info","message":"swagger is running at http://localhost:3000/docs","timestamp":"2025-03-04T19:11:39.739Z"}
{"level":"info","message":"Mongo Connection Established","timestamp":"2025-03-04T19:11:39.750Z"}
{"level":"info","message":"API is running at http://localhost:3000","timestamp":"2025-03-04T19:11:45.195Z"}
{"level":"info","message":"swagger is running at http://localhost:3000/docs","timestamp":"2025-03-04T19:11:45.196Z"}
{"level":"info","message":"Mongo Connection Established","timestamp":"2025-03-04T19:11:45.209Z"}
{"level":"info","message":"API is running at http://localhost:3000","timestamp":"2025-03-04T19:12:21.779Z"}
{"level":"info","message":"swagger is running at http://localhost:3000/docs","timestamp":"2025-03-04T19:12:21.780Z"}
{"level":"info","message":"Mongo Connection Established","timestamp":"2025-03-04T19:12:21.789Z"}
{"level":"info","message":"API is running at http://localhost:3000","timestamp":"2025-03-04T19:12:35.821Z"}
{"level":"info","message":"swagger is running at http://localhost:3000/docs","timestamp":"2025-03-04T19:12:35.822Z"}
{"level":"info","message":"Mongo Connection Established","timestamp":"2025-03-04T19:12:35.834Z"}
{"level":"info","message":"API is running at http://localhost:3000","timestamp":"2025-03-04T19:13:03.236Z"}
{"level":"info","message":"swagger is running at http://localhost:3000/docs","timestamp":"2025-03-04T19:13:03.237Z"}
{"level":"info","message":"Mongo Connection Established","timestamp":"2025-03-04T19:13:03.250Z"}
{"level":"info","message":"API is running at http://localhost:3000","timestamp":"2025-03-04T19:17:25.318Z"}
{"level":"info","message":"swagger is running at http://localhost:3000/docs","timestamp":"2025-03-04T19:17:25.320Z"}
{"level":"info","message":"Mongo Connection Established","timestamp":"2025-03-04T19:17:25.330Z"}
{"level":"info","message":"API is running at http://localhost:3000","timestamp":"2025-03-04T19:17:41.087Z"}
{"level":"info","message":"swagger is running at http://localhost:3000/docs","timestamp":"2025-03-04T19:17:41.088Z"}
{"level":"info","message":"Mongo Connection Established","timestamp":"2025-03-04T19:17:41.098Z"}
{"level":"info","message":"API is running at http://localhost:3000","timestamp":"2025-03-04T19:17:49.319Z"}
{"level":"info","message":"swagger is running at http://localhost:3000/docs","timestamp":"2025-03-04T19:17:49.320Z"}
{"level":"info","message":"Mongo Connection Established","timestamp":"2025-03-04T19:17:49.330Z"}
{"level":"info","message":"API is running at http://localhost:3000","timestamp":"2025-03-04T19:17:53.443Z"}
{"level":"info","message":"swagger is running at http://localhost:3000/docs","timestamp":"2025-03-04T19:17:53.444Z"}
{"level":"info","message":"Mongo Connection Established","timestamp":"2025-03-04T19:17:53.457Z"}
{"level":"info","message":"API is running at http://localhost:3000","timestamp":"2025-03-04T19:17:59.343Z"}
{"level":"info","message":"swagger is running at http://localhost:3000/docs","timestamp":"2025-03-04T19:17:59.344Z"}
{"level":"info","message":"Mongo Connection Established","timestamp":"2025-03-04T19:17:59.355Z"}
{"level":"info","message":"API is running at http://localhost:3000","timestamp":"2025-03-04T19:19:11.496Z"}
{"level":"info","message":"swagger is running at http://localhost:3000/docs","timestamp":"2025-03-04T19:19:11.497Z"}
{"level":"info","message":"Mongo Connection Established","timestamp":"2025-03-04T19:19:11.511Z"}
{"level":"info","message":"API is running at http://localhost:3000","timestamp":"2025-03-04T19:20:07.253Z"}
{"level":"info","message":"swagger is running at http://localhost:3000/docs","timestamp":"2025-03-04T19:20:07.254Z"}
{"level":"info","message":"Mongo Connection Established","timestamp":"2025-03-04T19:20:07.269Z"}
{"level":"info","message":"API is running at http://localhost:3000","timestamp":"2025-03-04T19:21:28.912Z"}
{"level":"info","message":"swagger is running at http://localhost:3000/docs","timestamp":"2025-03-04T19:21:28.913Z"}
{"level":"info","message":"Mongo Connection Established","timestamp":"2025-03-04T19:21:28.923Z"}
{"level":"info","message":"API is running at http://localhost:3000","timestamp":"2025-03-04T19:22:16.670Z"}
{"level":"info","message":"swagger is running at http://localhost:3000/docs","timestamp":"2025-03-04T19:22:16.671Z"}
{"level":"info","message":"Mongo Connection Established","timestamp":"2025-03-04T19:22:16.683Z"}
{"level":"info","message":"API is running at http://localhost:3000","timestamp":"2025-03-04T19:22:37.997Z"}
{"level":"info","message":"swagger is running at http://localhost:3000/docs","timestamp":"2025-03-04T19:22:37.998Z"}
{"level":"info","message":"Mongo Connection Established","timestamp":"2025-03-04T19:22:38.009Z"}
{"level":"info","message":"API is running at http://localhost:3000","timestamp":"2025-03-04T19:22:46.577Z"}
{"level":"info","message":"swagger is running at http://localhost:3000/docs","timestamp":"2025-03-04T19:22:46.579Z"}
{"level":"info","message":"Mongo Connection Established","timestamp":"2025-03-04T19:22:46.594Z"}
{"level":"info","message":"API is running at http://localhost:3000","timestamp":"2025-03-04T19:23:03.521Z"}
{"level":"info","message":"swagger is running at http://localhost:3000/docs","timestamp":"2025-03-04T19:23:03.522Z"}
{"level":"info","message":"Mongo Connection Established","timestamp":"2025-03-04T19:23:03.535Z"}
{"level":"info","message":"API is running at http://localhost:3000","timestamp":"2025-03-04T19:23:20.721Z"}
{"level":"info","message":"swagger is running at http://localhost:3000/docs","timestamp":"2025-03-04T19:23:20.722Z"}
{"level":"info","message":"Mongo Connection Established","timestamp":"2025-03-04T19:23:20.735Z"}
{"level":"info","message":"API is running at http://localhost:3000","timestamp":"2025-03-04T19:24:56.121Z"}
{"level":"info","message":"swagger is running at http://localhost:3000/docs","timestamp":"2025-03-04T19:24:56.122Z"}
{"level":"info","message":"Mongo Connection Established","timestamp":"2025-03-04T19:24:56.134Z"}
{"level":"info","message":"API is running at http://localhost:3000","timestamp":"2025-03-04T19:25:24.866Z"}
{"level":"info","message":"swagger is running at http://localhost:3000/docs","timestamp":"2025-03-04T19:25:24.867Z"}
{"level":"info","message":"Mongo Connection Established","timestamp":"2025-03-04T19:25:24.879Z"}
{"level":"info","message":"API is running at http://localhost:3000","timestamp":"2025-03-04T19:25:41.171Z"}
{"level":"info","message":"swagger is running at http://localhost:3000/docs","timestamp":"2025-03-04T19:25:41.172Z"}
{"level":"info","message":"Mongo Connection Established","timestamp":"2025-03-04T19:25:41.185Z"}
{"level":"info","message":"API is running at http://localhost:3000","timestamp":"2025-03-04T19:26:33.515Z"}
{"level":"info","message":"swagger is running at http://localhost:3000/docs","timestamp":"2025-03-04T19:26:33.516Z"}
{"level":"info","message":"Mongo Connection Established","timestamp":"2025-03-04T19:26:33.528Z"}
{"level":"info","message":"API is running at http://localhost:3000","timestamp":"2025-03-04T19:26:52.807Z"}
{"level":"info","message":"swagger is running at http://localhost:3000/docs","timestamp":"2025-03-04T19:26:52.808Z"}
{"level":"info","message":"Mongo Connection Established","timestamp":"2025-03-04T19:26:52.821Z"}
{"level":"info","message":"API is running at http://localhost:3000","timestamp":"2025-03-04T19:27:28.984Z"}
{"level":"info","message":"swagger is running at http://localhost:3000/docs","timestamp":"2025-03-04T19:27:28.985Z"}
{"level":"info","message":"Mongo Connection Established","timestamp":"2025-03-04T19:27:28.996Z"}
{"level":"info","message":"API is running at http://localhost:3000","timestamp":"2025-03-04T19:28:10.983Z"}
{"level":"info","message":"swagger is running at http://localhost:3000/docs","timestamp":"2025-03-04T19:28:10.984Z"}
{"level":"info","message":"Mongo Connection Established","timestamp":"2025-03-04T19:28:10.997Z"}
{"level":"info","message":"API is running at http://localhost:3000","timestamp":"2025-03-04T19:29:07.931Z"}
{"level":"info","message":"swagger is running at http://localhost:3000/docs","timestamp":"2025-03-04T19:29:07.932Z"}
{"level":"info","message":"Mongo Connection Established","timestamp":"2025-03-04T19:29:07.946Z"}
{"level":"info","message":"Mongo Connection Disconnected","timestamp":"2025-03-04T19:38:06.577Z"}
{"level":"info","message":"Trying to reconnect to Mongo ...","timestamp":"2025-03-04T19:38:06.583Z"}
